CRITICAL - 2025-04-24 09:43:57 --> Error: Undefined constant "routes"
[Method: CLI, Route: serve]
in APPPATH\Config\Routes.php on line 18.
 1 SYSTEMPATH\Router\RouteCollection.php(339): require()
 2 SYSTEMPATH\CLI\Console.php(41): CodeIgniter\Router\RouteCollection->loadRoutes()
 3 SYSTEMPATH\Boot.php(360): CodeIgniter\CLI\Console->run()
 4 SYSTEMPATH\Boot.php(104): CodeIgniter\Boot::runCommand(Object(CodeIgniter\CLI\Console))
 5 ROOTPATH\spark(84): CodeIgniter\Boot::bootSpark(Object(Config\Paths))
CRITICAL - 2025-04-24 10:06:48 --> ErrorException: Attempt to read property "errno" on bool
[Method: GET, Route: register]
in SYSTEMPATH\Database\MySQLi\Connection.php on line 610.
 1 SYSTEMPATH\Database\MySQLi\Connection.php(610): CodeIgniter\Debug\Exceptions->errorHandler(2, 'Attempt to read property "errno" on bool', 'D:\\Tmg_projects\\ci4-hotel-bed\\bookingEngine\\system\\Database\\MySQLi\\Connection.php', 610)
 2 APPPATH\Modules\Auth\Controllers\AuthController.php(23): CodeIgniter\Database\MySQLi\Connection->error()
 3 SYSTEMPATH\CodeIgniter.php(933): Modules\Auth\Controllers\AuthController->register()
 4 SYSTEMPATH\CodeIgniter.php(507): CodeIgniter\CodeIgniter->runController(Object(Modules\Auth\Controllers\AuthController))
 5 SYSTEMPATH\CodeIgniter.php(354): CodeIgniter\CodeIgniter->handleRequest(null, Object(Config\Cache), false)
 6 SYSTEMPATH\Boot.php(334): CodeIgniter\CodeIgniter->run()
 7 SYSTEMPATH\Boot.php(67): CodeIgniter\Boot::runCodeIgniter(Object(CodeIgniter\CodeIgniter))
 8 FCPATH\index.php(56): CodeIgniter\Boot::bootWeb(Object(Config\Paths))
 9 SYSTEMPATH\rewrite.php(44): require_once('D:\\Tmg_projects\\ci4-hotel-bed\\bookingEngine\\public\\index.php')
CRITICAL - 2025-04-24 10:07:37 --> ErrorException: Attempt to read property "errno" on bool
[Method: GET, Route: register]
in SYSTEMPATH\Database\MySQLi\Connection.php on line 610.
 1 SYSTEMPATH\Database\MySQLi\Connection.php(610): CodeIgniter\Debug\Exceptions->errorHandler(2, 'Attempt to read property "errno" on bool', 'D:\\Tmg_projects\\ci4-hotel-bed\\bookingEngine\\system\\Database\\MySQLi\\Connection.php', 610)
 2 APPPATH\Modules\Auth\Controllers\AuthController.php(23): CodeIgniter\Database\MySQLi\Connection->error()
 3 SYSTEMPATH\CodeIgniter.php(933): Modules\Auth\Controllers\AuthController->register()
 4 SYSTEMPATH\CodeIgniter.php(507): CodeIgniter\CodeIgniter->runController(Object(Modules\Auth\Controllers\AuthController))
 5 SYSTEMPATH\CodeIgniter.php(354): CodeIgniter\CodeIgniter->handleRequest(null, Object(Config\Cache), false)
 6 SYSTEMPATH\Boot.php(334): CodeIgniter\CodeIgniter->run()
 7 SYSTEMPATH\Boot.php(67): CodeIgniter\Boot::runCodeIgniter(Object(CodeIgniter\CodeIgniter))
 8 FCPATH\index.php(56): CodeIgniter\Boot::bootWeb(Object(Config\Paths))
 9 SYSTEMPATH\rewrite.php(44): require_once('D:\\Tmg_projects\\ci4-hotel-bed\\bookingEngine\\public\\index.php')
CRITICAL - 2025-04-24 10:08:17 --> ErrorException: Attempt to read property "errno" on bool
[Method: GET, Route: register]
in SYSTEMPATH\Database\MySQLi\Connection.php on line 610.
 1 SYSTEMPATH\Database\MySQLi\Connection.php(610): CodeIgniter\Debug\Exceptions->errorHandler(2, 'Attempt to read property "errno" on bool', 'D:\\Tmg_projects\\ci4-hotel-bed\\bookingEngine\\system\\Database\\MySQLi\\Connection.php', 610)
 2 APPPATH\Modules\Auth\Controllers\AuthController.php(24): CodeIgniter\Database\MySQLi\Connection->error()
 3 SYSTEMPATH\CodeIgniter.php(933): Modules\Auth\Controllers\AuthController->register()
 4 SYSTEMPATH\CodeIgniter.php(507): CodeIgniter\CodeIgniter->runController(Object(Modules\Auth\Controllers\AuthController))
 5 SYSTEMPATH\CodeIgniter.php(354): CodeIgniter\CodeIgniter->handleRequest(null, Object(Config\Cache), false)
 6 SYSTEMPATH\Boot.php(334): CodeIgniter\CodeIgniter->run()
 7 SYSTEMPATH\Boot.php(67): CodeIgniter\Boot::runCodeIgniter(Object(CodeIgniter\CodeIgniter))
 8 FCPATH\index.php(56): CodeIgniter\Boot::bootWeb(Object(Config\Paths))
 9 SYSTEMPATH\rewrite.php(44): require_once('D:\\Tmg_projects\\ci4-hotel-bed\\bookingEngine\\public\\index.php')
CRITICAL - 2025-04-24 10:08:26 --> ErrorException: Attempt to read property "errno" on bool
[Method: GET, Route: register]
in SYSTEMPATH\Database\MySQLi\Connection.php on line 610.
 1 SYSTEMPATH\Database\MySQLi\Connection.php(610): CodeIgniter\Debug\Exceptions->errorHandler(2, 'Attempt to read property "errno" on bool', 'D:\\Tmg_projects\\ci4-hotel-bed\\bookingEngine\\system\\Database\\MySQLi\\Connection.php', 610)
 2 APPPATH\Modules\Auth\Controllers\AuthController.php(24): CodeIgniter\Database\MySQLi\Connection->error()
 3 SYSTEMPATH\CodeIgniter.php(933): Modules\Auth\Controllers\AuthController->register()
 4 SYSTEMPATH\CodeIgniter.php(507): CodeIgniter\CodeIgniter->runController(Object(Modules\Auth\Controllers\AuthController))
 5 SYSTEMPATH\CodeIgniter.php(354): CodeIgniter\CodeIgniter->handleRequest(null, Object(Config\Cache), false)
 6 SYSTEMPATH\Boot.php(334): CodeIgniter\CodeIgniter->run()
 7 SYSTEMPATH\Boot.php(67): CodeIgniter\Boot::runCodeIgniter(Object(CodeIgniter\CodeIgniter))
 8 FCPATH\index.php(56): CodeIgniter\Boot::bootWeb(Object(Config\Paths))
 9 SYSTEMPATH\rewrite.php(44): require_once('D:\\Tmg_projects\\ci4-hotel-bed\\bookingEngine\\public\\index.php')
